# JRE version: OpenJDK Runtime Environment Temurin-21.0.5+11 (21.0.5+11) (build 21.0.5+11-LTS)
# Java VM: OpenJDK 64-Bit Server VM Temurin-21.0.5+11 (21.0.5+11-LTS, mixed mode, tiered, compressed oops, compressed class ptrs, g1 gc, linux-amd64)
GC Precious Log:
 CardTable entry size: 512
 Card Set container configuration: InlinePtr #cards 5 size 8 Array Of Cards #cards 12 size 40 Howl #buckets 4 coarsen threshold 1843 Howl Bitmap #cards 512 size 80 coarsen threshold 460 Card regions per heap region 1 cards per card region 2048
 CPUs: 4 total, 4 available
 Memory: 15868M
 Large Page Support: Disabled
 NUMA Support: Disabled
 Compressed Oops: Enabled (32-bit)
 Heap Region Size: 1M
 Heap Min Capacity: 64M
 Heap Initial Capacity: 64M
 Heap Max Capacity: 1G
 Pre-touch: Disabled
 Parallel Workers: 4
 Concurrent Workers: 1
 Concurrent Refinement Workers: 4
 Periodic GC: Disabled
Heap:
 garbage-first heap   total 65536K, used 37782K [0x00000000c0000000, 0x0000000100000000)
  region size 1024K, 24 young (24576K), 2 survivors (2048K)
 Metaspace       used 28063K, committed 28928K, reserved 1114112K
  class space    used 2740K, committed 3072K, reserved 1048576K
GC Heap History (10 events):
Event: 2.295 GC heap before
{Heap before GC invocations=0 (full 0):
 garbage-first heap   total 65536K, used 13312K [0x00000000c0000000, 0x0000000100000000)
  region size 1024K, 13 young (13312K), 0 survivors (0K)
 Metaspace       used 11824K, committed 12032K, reserved 1114112K
  class space    used 1104K, committed 1216K, reserved 1048576K
}
Event: 2.318 GC heap after
{Heap after GC invocations=1 (full 0):
 garbage-first heap   total 65536K, used 3136K [0x00000000c0000000, 0x0000000100000000)
  region size 1024K, 2 young (2048K), 2 survivors (2048K)
 Metaspace       used 11824K, committed 12032K, reserved 1114112K
  class space    used 1104K, committed 1216K, reserved 1048576K
}
Event: 3.896 GC heap before
{Heap before GC invocations=1 (full 0):
 garbage-first heap   total 65536K, used 18496K [0x00000000c0000000, 0x0000000100000000)
  region size 1024K, 17 young (17408K), 2 survivors (2048K)
 Metaspace       used 15216K, committed 15552K, reserved 1114112K
  class space    used 1428K, committed 1600K, reserved 1048576K
}
Event: 3.925 GC heap after
{Heap after GC invocations=2 (full 0):
 garbage-first heap   total 65536K, used 7789K [0x00000000c0000000, 0x0000000100000000)
  region size 1024K, 3 young (3072K), 3 survivors (3072K)
 Metaspace       used 15216K, committed 15552K, reserved 1114112K
  class space    used 1428K, committed 1600K, reserved 1048576K
}
Event: 5.904 GC heap before
{Heap before GC invocations=2 (full 0):
 garbage-first heap   total 65536K, used 31341K [0x00000000c0000000, 0x0000000100000000)
  region size 1024K, 25 young (25600K), 3 survivors (3072K)
 Metaspace       used 19189K, committed 19520K, reserved 1114112K
  class space    used 1822K, committed 1984K, reserved 1048576K
}
Event: 5.937 GC heap after
{Heap after GC invocations=3 (full 0):
 garbage-first heap   total 65536K, used 11264K [0x00000000c0000000, 0x0000000100000000)
  region size 1024K, 3 young (3072K), 3 survivors (3072K)
 Metaspace       used 19189K, committed 19520K, reserved 1114112K
  class space    used 1822K, committed 1984K, reserved 1048576K
}
Event: 8.314 GC heap before
{Heap before GC invocations=3 (full 0):
 garbage-first heap   total 65536K, used 45056K [0x00000000c0000000, 0x0000000100000000)
  region size 1024K, 37 young (37888K), 3 survivors (3072K)
 Metaspace       used 19980K, committed 20352K, reserved 1114112K
  class space    used 1877K, committed 2048K, reserved 1048576K
}
Event: 8.344 GC heap after
{Heap after GC invocations=4 (full 0):
 garbage-first heap   total 65536K, used 15956K [0x00000000c0000000, 0x0000000100000000)
  region size 1024K, 5 young (5120K), 5 survivors (5120K)
 Metaspace       used 19980K, committed 20352K, reserved 1114112K
  class space    used 1877K, committed 2048K, reserved 1048576K
}
Event: 8.808 GC heap before
{Heap before GC invocations=4 (full 0):
 garbage-first heap   total 65536K, used 20052K [0x00000000c0000000, 0x0000000100000000)
  region size 1024K, 10 young (10240K), 5 survivors (5120K)
 Metaspace       used 21061K, committed 21504K, reserved 1114112K
  class space    used 1981K, committed 2176K, reserved 1048576K
}
Event: 8.835 GC heap after
{Heap after GC invocations=5 (full 0):
 garbage-first heap   total 65536K, used 17302K [0x00000000c0000000, 0x0000000100000000)
  region size 1024K, 2 young (2048K), 2 survivors (2048K)
 Metaspace       used 21061K, committed 21504K, reserved 1114112K
  class space    used 1981K, committed 2176K, reserved 1048576K
}

